[debug] [2022-04-25T18:12:06.828Z] ----------------------------------------------------------------------
[debug] [2022-04-25T18:12:06.830Z] Command:       C:\Program Files\nodejs\node.exe C:\Users\komol\AppData\Roaming\npm\node_modules\firebase-tools\lib\bin\firebase.js deploy
[debug] [2022-04-25T18:12:06.830Z] CLI Version:   10.6.0
[debug] [2022-04-25T18:12:06.830Z] Platform:      win32
[debug] [2022-04-25T18:12:06.830Z] Node Version:  v14.17.1
[debug] [2022-04-25T18:12:06.833Z] Time:          Tue Apr 26 2022 00:12:06 GMT+0600 (Bangladesh Standard Time)
[debug] [2022-04-25T18:12:06.833Z] ----------------------------------------------------------------------
[debug] 
[debug] [2022-04-25T18:12:06.836Z] >>> [apiv2][query] GET https://firebase-public.firebaseio.com/cli.json [none]
[debug] [2022-04-25T18:12:06.919Z] > command requires scopes: ["email","openid","https://www.googleapis.com/auth/cloudplatformprojects.readonly","https://www.googleapis.com/auth/firebase","https://www.googleapis.com/auth/cloud-platform"]
[debug] [2022-04-25T18:12:06.919Z] > authorizing via signed-in user (komolmd771@gmail.com)
[debug] [2022-04-25T18:12:06.919Z] [iam] checking project ema-john-simple-85c01 for permissions ["firebase.projects.get","firebasehosting.sites.update"]
[debug] [2022-04-25T18:12:06.920Z] > refreshing access token with scopes: []
[debug] [2022-04-25T18:12:06.921Z] >>> HTTP REQUEST POST https://www.googleapis.com/oauth2/v3/token  
 <request body omitted>
[debug] [2022-04-25T18:12:07.247Z] <<< HTTP RESPONSE 200 {"pragma":"no-cache","date":"Mon, 25 Apr 2022 18:12:08 GMT","expires":"Mon, 01 Jan 1990 00:00:00 GMT","cache-control":"no-cache, no-store, max-age=0, must-revalidate","content-type":"application/json; charset=utf-8","vary":"X-Origin, Referer, Origin,Accept-Encoding","server":"scaffolding on HTTPServer2","x-xss-protection":"0","x-frame-options":"SAMEORIGIN","x-content-type-options":"nosniff","alt-svc":"h3=\":443\"; ma=2592000,h3-29=\":443\"; ma=2592000,h3-Q050=\":443\"; ma=2592000,h3-Q046=\":443\"; ma=2592000,h3-Q043=\":443\"; ma=2592000,quic=\":443\"; ma=2592000; v=\"46,43\"","accept-ranges":"none","transfer-encoding":"chunked"}
[debug] [2022-04-25T18:12:07.255Z] >>> [apiv2][query] POST https://cloudresourcemanager.googleapis.com/v1/projects/ema-john-simple-85c01:testIamPermissions [none]
[debug] [2022-04-25T18:12:07.255Z] >>> [apiv2][body] POST https://cloudresourcemanager.googleapis.com/v1/projects/ema-john-simple-85c01:testIamPermissions {"permissions":["firebase.projects.get","firebasehosting.sites.update"]}
[debug] [2022-04-25T18:12:08.173Z] <<< [apiv2][status] GET https://firebase-public.firebaseio.com/cli.json 200
[debug] [2022-04-25T18:12:08.173Z] <<< [apiv2][body] GET https://firebase-public.firebaseio.com/cli.json {"cloudBuildErrorAfter":1594252800000,"cloudBuildWarnAfter":1590019200000,"defaultNode10After":1594252800000,"minVersion":"3.0.5","node8DeploysDisabledAfter":1613390400000,"node8RuntimeDisabledAfter":1615809600000,"node8WarnAfter":1600128000000}
[debug] [2022-04-25T18:12:09.024Z] <<< [apiv2][status] POST https://cloudresourcemanager.googleapis.com/v1/projects/ema-john-simple-85c01:testIamPermissions 200
[debug] [2022-04-25T18:12:09.024Z] <<< [apiv2][body] POST https://cloudresourcemanager.googleapis.com/v1/projects/ema-john-simple-85c01:testIamPermissions {}
[debug] [2022-04-25T18:12:09.024Z] [iam] error while checking permissions, command may fail: FirebaseError: Authorization failed. This account is missing the following required permissions on project ema-john-simple-85c01:

  firebase.projects.get
  firebasehosting.sites.update
[debug] [2022-04-25T18:12:09.025Z] >>> [apiv2][query] GET https://firebase.googleapis.com/v1beta1/projects/ema-john-simple-85c01 [none]
[debug] [2022-04-25T18:12:09.568Z] <<< [apiv2][status] GET https://firebase.googleapis.com/v1beta1/projects/ema-john-simple-85c01 403
[debug] [2022-04-25T18:12:09.568Z] <<< [apiv2][body] GET https://firebase.googleapis.com/v1beta1/projects/ema-john-simple-85c01 {"error":{"code":403,"message":"The caller does not have permission","status":"PERMISSION_DENIED"}}
[debug] [2022-04-25T18:12:09.569Z] HTTP Error: 403, The caller does not have permission
[debug] [2022-04-25T18:12:09.865Z] FirebaseError: HTTP Error: 403, The caller does not have permission
    at module.exports (C:\Users\komol\AppData\Roaming\npm\node_modules\firebase-tools\lib\responseToError.js:47:12)
    at RetryOperation._fn (C:\Users\komol\AppData\Roaming\npm\node_modules\firebase-tools\lib\apiv2.js:286:39)
    at processTicksAndRejections (internal/process/task_queues.js:95:5)
[error] 
[error] Error: Failed to get Firebase project ema-john-simple-85c01. Please make sure the project exists and your account has permission to access it.
